<?xml version="1.0" encoding="UTF-8"?>
<!-- Generated by org.testng.reporters.JUnitReportReporter -->
<testsuite hostname="DESKTOP-UKFMVAS" failures="0" tests="1" name="com.comcast.crm.contactTest.CreateContact" time="50.949" errors="0" timestamp="2025-06-05T01:13:04 GMT-07:00" skipped="0">
  <testcase classname="com.comcast.crm.contactTest.CreateContact" name="createContactWithOrgTest" time="50.949"/>
</testsuite> <!-- com.comcast.crm.contactTest.CreateContact -->
