<?xml version="1.0" encoding="UTF-8"?>
<!-- Generated by org.testng.reporters.JUnitReportReporter -->
<testsuite hostname="DESKTOP-UKFMVAS" failures="0" tests="1" name="dataDrivenTesting.JavaClassReadRunTimeParameterTest" time="0.023" errors="0" timestamp="2025-05-12T18:06:29 GMT-07:00" skipped="0">
  <testcase classname="dataDrivenTesting.JavaClassReadRunTimeParameterTest" name="runTimeParameterTest" time="0.023"/>
  <system-out/>
</testsuite> <!-- dataDrivenTesting.JavaClassReadRunTimeParameterTest -->
