<?xml version="1.0" encoding="UTF-8"?>
<!-- Generated by org.testng.reporters.JUnitReportReporter -->
<testsuite hostname="DESKTOP-UKFMVAS" failures="0" tests="1" name="dataDrivenTesting.ReadDataFromTestNgXml" time="0.020" errors="0" timestamp="2025-05-12T02:57:59 GMT-07:00" skipped="0">
  <testcase classname="dataDrivenTesting.ReadDataFromTestNgXml" name="sampleTest" time="0.020"/>
  <system-out/>
</testsuite> <!-- dataDrivenTesting.ReadDataFromTestNgXml -->
