<?xml version="1.0" encoding="UTF-8"?>
<!-- Generated by org.testng.reporters.JUnitReportReporter -->
<testsuite hostname="DESKTOP-UKFMVAS" failures="0" tests="2" name="test_Ng.Program1" time="0.029" errors="0" timestamp="2024-12-15T08:36:44 GMT-08:00" skipped="0">
  <testcase classname="test_Ng.Program1" name="method2" time="0.012"/>
  <testcase classname="test_Ng.Program1" name="method1" time="0.017"/>
</testsuite> <!-- test_Ng.Program1 -->
