<?xml version="1.0" encoding="UTF-8"?>
<!-- Generated by org.testng.reporters.JUnitReportReporter -->
<testsuite hostname="DESKTOP-UKFMVAS" failures="0" tests="5" name="test_Ng.Program5" time="0.051" errors="0" timestamp="2025-01-06T02:03:47 GMT-08:00" skipped="0">
  <testcase classname="test_Ng.Program5" name="method1" time="0.008"/>
  <testcase classname="test_Ng.Program5" name="method1" time="0.011"/>
  <testcase classname="test_Ng.Program5" name="method1" time="0.008"/>
  <testcase classname="test_Ng.Program5" name="method1" time="0.019"/>
  <testcase classname="test_Ng.Program5" name="method1" time="0.005"/>
</testsuite> <!-- test_Ng.Program5 -->
