<?xml version="1.0" encoding="UTF-8"?>
<!-- Generated by org.testng.reporters.JUnitReportReporter -->
<testsuite hostname="DESKTOP-UKFMVAS" failures="0" tests="1" name="test_Ng.Program2" time="2.143" errors="0" timestamp="2024-12-15T08:44:34 GMT-08:00" skipped="0">
  <testcase classname="test_Ng.Program2" name="launchGoogle" time="2.143"/>
</testsuite> <!-- test_Ng.Program2 -->
