<?xml version="1.0" encoding="UTF-8"?>
<!-- Generated by org.testng.reporters.JUnitReportReporter -->
<testsuite hostname="DESKTOP-UKFMVAS" failures="0" tests="1" name="selenium.Scripts.ExtentReport" time="0.940" errors="0" timestamp="2025-01-27T10:36:47 GMT-08:00" skipped="0">
  <testcase classname="selenium.Scripts.ExtentReport" name="reportConfig" time="0.940"/>
</testsuite> <!-- selenium.Scripts.ExtentReport -->
