<?xml version="1.0" encoding="UTF-8"?>
<!-- Generated by org.testng.reporters.JUnitReportReporter -->
<testsuite hostname="DESKTOP-UKFMVAS" failures="0" tests="8" name="test_Ng.Program1" time="0.076" errors="0" timestamp="2025-01-08T21:17:28 GMT-08:00" skipped="0">
  <testcase classname="test_Ng.Program1" name="function2" time="0.008"/>
  <testcase classname="test_Ng.Program1" name="method1" time="0.010"/>
  <testcase classname="test_Ng.Program1" name="function1" time="0.006"/>
  <testcase classname="test_Ng.Program1" name="method1" time="0.011"/>
  <testcase classname="test_Ng.Program1" name="method2" time="0.012"/>
  <testcase classname="test_Ng.Program1" name="method2" time="0.006"/>
  <testcase classname="test_Ng.Program1" name="function1" time="0.012"/>
  <testcase classname="test_Ng.Program1" name="function2" time="0.011"/>
</testsuite> <!-- test_Ng.Program1 -->
