<?xml version="1.0" encoding="UTF-8"?>
<!-- Generated by org.testng.reporters.JUnitReportReporter -->
<testsuite hostname="DESKTOP-UKFMVAS" failures="0" tests="2" name="test_Ng.Parameter" time="0.023" errors="0" timestamp="2025-01-08T20:58:44 GMT-08:00" skipped="0">
  <testcase classname="test_Ng.Parameter" name="method3" time="0.005"/>
  <testcase classname="test_Ng.Parameter" name="method3" time="0.018"/>
</testsuite> <!-- test_Ng.Parameter -->
