<?xml version="1.0" encoding="UTF-8"?>
<!-- Generated by org.testng.reporters.JUnitReportReporter -->
<testsuite hostname="DESKTOP-UKFMVAS" failures="0" tests="1" name="com.vtiger.test.scripts.ValidateAccountCreation" time="48.189" errors="0" timestamp="2025-02-28T10:23:45 GMT-08:00" skipped="0">
  <testcase classname="com.vtiger.test.scripts.ValidateAccountCreation" name="VarifyAccountCreationFromMarketingPage" time="48.189"/>
</testsuite> <!-- com.vtiger.test.scripts.ValidateAccountCreation -->
