<?xml version="1.0" encoding="UTF-8"?>
<!-- Generated by org.testng.reporters.JUnitReportReporter -->
<testsuite hostname="DESKTOP-UKFMVAS" failures="0" tests="1" name="selenium.Scripts.ExtentReportLog4j" time="29.232" errors="0" timestamp="2025-01-08T12:01:21 GMT-08:00" skipped="0">
  <testcase classname="selenium.Scripts.ExtentReportLog4j" name="validTest" time="29.232"/>
</testsuite> <!-- selenium.Scripts.ExtentReportLog4j -->
