<?xml version="1.0" encoding="UTF-8"?>
<!-- Generated by org.testng.reporters.JUnitReportReporter -->
<testsuite hostname="DESKTOP-UKFMVAS" failures="0" tests="1" name="test_Ng.Hii" time="14.991" errors="0" timestamp="2025-02-10T04:19:37 GMT-08:00" skipped="0">
  <testcase classname="test_Ng.Hii" name="getColour" time="14.991"/>
</testsuite> <!-- test_Ng.Hii -->
