<?xml version="1.0" encoding="UTF-8"?>
<!-- Generated by org.testng.reporters.JUnitReportReporter -->
<testsuite hostname="DESKTOP-UKFMVAS" failures="0" tests="5" name="test_Ng.Program5" time="0.035" errors="0" timestamp="2025-01-08T21:08:31 GMT-08:00" skipped="0">
  <testcase classname="test_Ng.Program5" name="method1" time="0.012"/>
  <testcase classname="test_Ng.Program5" name="method1" time="0.016"/>
  <testcase classname="test_Ng.Program5" name="method1" time="0.003"/>
  <testcase classname="test_Ng.Program5" name="method1" time="0.003"/>
  <testcase classname="test_Ng.Program5" name="method1" time="0.001"/>
</testsuite> <!-- test_Ng.Program5 -->
