<?xml version="1.0" encoding="UTF-8"?>
<!-- Generated by org.testng.reporters.JUnitReportReporter -->
<testsuite hostname="DESKTOP-UKFMVAS" failures="0" tests="2" name="test_Ng.Program2" time="0.022" errors="0" timestamp="2025-01-08T21:17:28 GMT-08:00" skipped="0">
  <testcase classname="test_Ng.Program2" name="launchGoogle" time="0.020"/>
  <testcase classname="test_Ng.Program2" name="launchGoogle" time="0.002"/>
</testsuite> <!-- test_Ng.Program2 -->
