<?xml version="1.0" encoding="UTF-8"?>
<!-- Generated by org.testng.reporters.JUnitReportReporter -->
<testsuite hostname="DESKTOP-UKFMVAS" failures="0" tests="1" name="com.comcast.crm.contactTest.CreateContactTest" time="21.025" errors="0" timestamp="2025-07-02T04:52:47 GMT-07:00" skipped="0">
  <testcase classname="com.comcast.crm.contactTest.CreateContactTest" name="createContactTest" time="21.025"/>
</testsuite> <!-- com.comcast.crm.contactTest.CreateContactTest -->
