<?xml version="1.0" encoding="UTF-8"?>
<!-- Generated by org.testng.reporters.JUnitReportReporter -->
<testsuite hostname="DESKTOP-UKFMVAS" failures="0" tests="1" name="CreateContactTest" time="1.351" errors="0" timestamp="2025-06-18T02:19:38 GMT-07:00" skipped="0">
  <testcase classname="CreateContactTest" name="CreateContactTest" time="1.351"/>
</testsuite> <!-- CreateContactTest -->
