<?xml version="1.0" encoding="UTF-8"?>
<!-- Generated by org.testng.reporters.JUnitReportReporter -->
<testsuite hostname="DESKTOP-UKFMVAS" failures="0" tests="3" name="DataProvider1" time="43.863" errors="0" timestamp="2025-05-29T19:36:58 GMT-07:00" skipped="0">
  <testcase classname="DataProvider1" name="pricceInfo" time="13.243"/>
  <testcase classname="DataProvider1" name="pricceInfo" time="13.559"/>
  <testcase classname="DataProvider1" name="pricceInfo" time="17.061"/>
</testsuite> <!-- DataProvider1 -->
